{"C:\\Users\\TUF Gaming\\Desktop\\counterApp\\dist\\src\\server.js": {"path":"C:\\Users\\TUF Gaming\\Desktop\\counterApp\\dist\\src\\server.js","statementMap":{"0":{"start":{"line":1,"column":16},"end":{"line":9,"column":1}},"1":{"start":{"line":2,"column":28},"end":{"line":2,"column":110}},"2":{"start":{"line":2,"column":91},"end":{"line":2,"column":106}},"3":{"start":{"line":3,"column":4},"end":{"line":8,"column":7}},"4":{"start":{"line":4,"column":36},"end":{"line":4,"column":97}},"5":{"start":{"line":4,"column":42},"end":{"line":4,"column":70}},"6":{"start":{"line":4,"column":85},"end":{"line":4,"column":95}},"7":{"start":{"line":5,"column":35},"end":{"line":5,"column":100}},"8":{"start":{"line":5,"column":41},"end":{"line":5,"column":73}},"9":{"start":{"line":5,"column":88},"end":{"line":5,"column":98}},"10":{"start":{"line":6,"column":32},"end":{"line":6,"column":116}},"11":{"start":{"line":7,"column":8},"end":{"line":7,"column":78}},"12":{"start":{"line":10,"column":0},"end":{"line":10,"column":44}},"13":{"start":{"line":15,"column":15},"end":{"line":18,"column":2}},"14":{"start":{"line":19,"column":19},"end":{"line":19,"column":49}},"15":{"start":{"line":20,"column":18},"end":{"line":20,"column":42}},"16":{"start":{"line":21,"column":12},"end":{"line":21,"column":21}},"17":{"start":{"line":22,"column":13},"end":{"line":22,"column":17}},"18":{"start":{"line":23,"column":0},"end":{"line":23,"column":66}},"19":{"start":{"line":24,"column":0},"end":{"line":24,"column":95}},"20":{"start":{"line":25,"column":0},"end":{"line":25,"column":93}},"21":{"start":{"line":26,"column":0},"end":{"line":26,"column":65}},"22":{"start":{"line":27,"column":0},"end":{"line":29,"column":3}},"23":{"start":{"line":28,"column":4},"end":{"line":28,"column":38}},"24":{"start":{"line":30,"column":0},"end":{"line":37,"column":3}},"25":{"start":{"line":31,"column":4},"end":{"line":36,"column":5}},"26":{"start":{"line":32,"column":8},"end":{"line":32,"column":62}},"27":{"start":{"line":35,"column":8},"end":{"line":35,"column":59}},"28":{"start":{"line":38,"column":0},"end":{"line":49,"column":4}},"29":{"start":{"line":38,"column":36},"end":{"line":49,"column":2}},"30":{"start":{"line":39,"column":4},"end":{"line":48,"column":5}},"31":{"start":{"line":40,"column":23},"end":{"line":40,"column":87}},"32":{"start":{"line":41,"column":33},"end":{"line":41,"column":64}},"33":{"start":{"line":42,"column":8},"end":{"line":42,"column":117}},"34":{"start":{"line":43,"column":8},"end":{"line":43,"column":47}},"35":{"start":{"line":46,"column":8},"end":{"line":46,"column":63}},"36":{"start":{"line":47,"column":8},"end":{"line":47,"column":82}},"37":{"start":{"line":50,"column":0},"end":{"line":59,"column":4}},"38":{"start":{"line":50,"column":36},"end":{"line":59,"column":2}},"39":{"start":{"line":51,"column":4},"end":{"line":58,"column":5}},"40":{"start":{"line":52,"column":8},"end":{"line":52,"column":92}},"41":{"start":{"line":53,"column":8},"end":{"line":53,"column":28}},"42":{"start":{"line":56,"column":8},"end":{"line":56,"column":67}},"43":{"start":{"line":57,"column":8},"end":{"line":57,"column":84}},"44":{"start":{"line":60,"column":0},"end":{"line":69,"column":4}},"45":{"start":{"line":60,"column":36},"end":{"line":69,"column":2}},"46":{"start":{"line":61,"column":4},"end":{"line":68,"column":5}},"47":{"start":{"line":62,"column":8},"end":{"line":62,"column":92}},"48":{"start":{"line":63,"column":8},"end":{"line":63,"column":28}},"49":{"start":{"line":66,"column":8},"end":{"line":66,"column":67}},"50":{"start":{"line":67,"column":8},"end":{"line":67,"column":84}}},"fnMap":{"0":{"name":"(anonymous_0)","decl":{"start":{"line":1,"column":44},"end":{"line":1,"column":54}},"loc":{"start":{"line":1,"column":87},"end":{"line":9,"column":1}}},"1":{"name":"adopt","decl":{"start":{"line":2,"column":13},"end":{"line":2,"column":18}},"loc":{"start":{"line":2,"column":24},"end":{"line":2,"column":112}}},"2":{"name":"(anonymous_2)","decl":{"start":{"line":2,"column":70},"end":{"line":2,"column":80}},"loc":{"start":{"line":2,"column":87},"end":{"line":2,"column":108}}},"3":{"name":"(anonymous_3)","decl":{"start":{"line":3,"column":36},"end":{"line":3,"column":46}},"loc":{"start":{"line":3,"column":61},"end":{"line":8,"column":5}}},"4":{"name":"fulfilled","decl":{"start":{"line":4,"column":17},"end":{"line":4,"column":26}},"loc":{"start":{"line":4,"column":32},"end":{"line":4,"column":99}}},"5":{"name":"rejected","decl":{"start":{"line":5,"column":17},"end":{"line":5,"column":25}},"loc":{"start":{"line":5,"column":31},"end":{"line":5,"column":102}}},"6":{"name":"step","decl":{"start":{"line":6,"column":17},"end":{"line":6,"column":21}},"loc":{"start":{"line":6,"column":28},"end":{"line":6,"column":118}}},"7":{"name":"(anonymous_7)","decl":{"start":{"line":27,"column":17},"end":{"line":27,"column":20}},"loc":{"start":{"line":27,"column":22},"end":{"line":29,"column":1}}},"8":{"name":"(anonymous_8)","decl":{"start":{"line":30,"column":13},"end":{"line":30,"column":14}},"loc":{"start":{"line":30,"column":26},"end":{"line":37,"column":1}}},"9":{"name":"(anonymous_9)","decl":{"start":{"line":38,"column":22},"end":{"line":38,"column":23}},"loc":{"start":{"line":38,"column":36},"end":{"line":49,"column":2}}},"10":{"name":"(anonymous_10)","decl":{"start":{"line":38,"column":70},"end":{"line":38,"column":78}},"loc":{"start":{"line":38,"column":79},"end":{"line":49,"column":1}}},"11":{"name":"(anonymous_11)","decl":{"start":{"line":50,"column":22},"end":{"line":50,"column":23}},"loc":{"start":{"line":50,"column":36},"end":{"line":59,"column":2}}},"12":{"name":"(anonymous_12)","decl":{"start":{"line":50,"column":70},"end":{"line":50,"column":78}},"loc":{"start":{"line":50,"column":79},"end":{"line":59,"column":1}}},"13":{"name":"(anonymous_13)","decl":{"start":{"line":60,"column":22},"end":{"line":60,"column":23}},"loc":{"start":{"line":60,"column":36},"end":{"line":69,"column":2}}},"14":{"name":"(anonymous_14)","decl":{"start":{"line":60,"column":70},"end":{"line":60,"column":78}},"loc":{"start":{"line":60,"column":79},"end":{"line":69,"column":1}}}},"branchMap":{"0":{"loc":{"start":{"line":1,"column":16},"end":{"line":9,"column":1}},"type":"binary-expr","locations":[{"start":{"line":1,"column":17},"end":{"line":1,"column":21}},{"start":{"line":1,"column":25},"end":{"line":1,"column":39}},{"start":{"line":1,"column":44},"end":{"line":9,"column":1}}]},"1":{"loc":{"start":{"line":2,"column":35},"end":{"line":2,"column":109}},"type":"cond-expr","locations":[{"start":{"line":2,"column":56},"end":{"line":2,"column":61}},{"start":{"line":2,"column":64},"end":{"line":2,"column":109}}]},"2":{"loc":{"start":{"line":3,"column":16},"end":{"line":3,"column":34}},"type":"binary-expr","locations":[{"start":{"line":3,"column":16},"end":{"line":3,"column":17}},{"start":{"line":3,"column":22},"end":{"line":3,"column":33}}]},"3":{"loc":{"start":{"line":6,"column":32},"end":{"line":6,"column":115}},"type":"cond-expr","locations":[{"start":{"line":6,"column":46},"end":{"line":6,"column":67}},{"start":{"line":6,"column":70},"end":{"line":6,"column":115}}]},"4":{"loc":{"start":{"line":7,"column":51},"end":{"line":7,"column":67}},"type":"binary-expr","locations":[{"start":{"line":7,"column":51},"end":{"line":7,"column":61}},{"start":{"line":7,"column":65},"end":{"line":7,"column":67}}]},"5":{"loc":{"start":{"line":42,"column":20},"end":{"line":42,"column":115}},"type":"cond-expr","locations":[{"start":{"line":42,"column":79},"end":{"line":42,"column":85}},{"start":{"line":42,"column":88},"end":{"line":42,"column":115}}]},"6":{"loc":{"start":{"line":42,"column":20},"end":{"line":42,"column":76}},"type":"binary-expr","locations":[{"start":{"line":42,"column":20},"end":{"line":42,"column":45}},{"start":{"line":42,"column":49},"end":{"line":42,"column":76}}]}},"s":{"0":1,"1":1,"2":0,"3":1,"4":1,"5":1,"6":0,"7":0,"8":0,"9":0,"10":2,"11":1,"12":1,"13":1,"14":1,"15":1,"16":1,"17":1,"18":1,"19":1,"20":1,"21":1,"22":1,"23":1,"24":1,"25":0,"26":0,"27":0,"28":1,"29":0,"30":0,"31":0,"32":0,"33":0,"34":0,"35":0,"36":0,"37":1,"38":1,"39":1,"40":1,"41":1,"42":0,"43":0,"44":1,"45":0,"46":0,"47":0,"48":0,"49":0,"50":0},"f":{"0":1,"1":1,"2":0,"3":1,"4":1,"5":0,"6":2,"7":1,"8":0,"9":0,"10":0,"11":1,"12":1,"13":0,"14":0},"b":{"0":[1,0,1],"1":[1,0],"2":[1,1],"3":[1,1],"4":[1,1],"5":[0,0],"6":[0,0]}}
}
